SF:lib/src/di_storage_base.dart
DA:13,2
DA:15,4
DA:17,4
DA:19,4
DA:48,2
DA:53,2
DA:54,6
DA:59,2
DA:61,1
DA:62,2
DA:65,3
DA:67,1
DA:68,2
DA:81,2
DA:82,2
DA:83,4
DA:94,2
DA:95,2
DA:97,4
DA:100,0
DA:103,2
DA:115,2
DA:116,2
DA:118,4
DA:124,0
DA:135,4
DA:145,1
DA:146,1
DA:148,2
DA:150,1
DA:151,2
DA:152,2
DA:165,2
DA:166,4
DA:167,4
DA:173,2
DA:174,2
DA:176,2
DA:179,2
DA:181,2
DA:182,4
DA:183,2
DA:184,2
DA:187,4
DA:188,2
DA:189,4
DA:190,2
DA:195,0
LF:48
LH:45
end_of_record
SF:lib/src/life_time.dart
DA:6,4
DA:21,4
DA:27,2
LF:3
LH:3
end_of_record
SF:lib/src/di_storage_entry.dart
DA:21,2
DA:27,2
DA:30,2
DA:31,2
DA:33,2
LF:5
LH:5
end_of_record
