SF:lib/src/di_scope.dart
DA:32,1
LF:1
LH:1
end_of_record
SF:lib/src/di_storage_base.dart
DA:13,2
DA:15,4
DA:17,4
DA:19,4
DA:52,2
DA:58,2
DA:59,6
DA:65,2
DA:67,1
DA:68,2
DA:71,3
DA:73,1
DA:74,2
DA:87,2
DA:88,2
DA:89,4
DA:100,2
DA:101,2
DA:103,4
DA:106,0
DA:109,2
DA:121,2
DA:122,2
DA:124,4
DA:130,0
DA:141,1
DA:142,3
DA:143,1
DA:154,1
DA:155,1
DA:157,2
DA:159,1
DA:160,2
DA:161,2
DA:162,2
DA:165,2
DA:178,2
DA:179,5
DA:180,1
DA:182,4
DA:183,4
DA:189,2
DA:190,2
DA:192,2
DA:195,2
DA:197,2
DA:198,4
DA:199,2
DA:200,2
DA:203,4
DA:204,2
DA:205,4
DA:206,2
DA:211,0
LF:54
LH:51
end_of_record
SF:lib/src/life_time.dart
DA:7,4
DA:22,4
DA:28,2
LF:3
LH:3
end_of_record
SF:lib/src/di_storage_entry.dart
DA:23,2
DA:30,2
DA:33,2
DA:34,2
DA:36,2
LF:5
LH:5
end_of_record
